1545063238743	geckodriver	INFO	geckodriver 0.19.1
1545063238751	geckodriver	INFO	Listening on 127.0.0.1:64507
1545063241904	mozrunner::runner	INFO	Running command: "C:\\Program Files\\Firefox Developer Edition\\firefox.exe" "-marionette" "-profile" "C:\\Users\\USER\\AppData\\Local\\Temp\\rust_mozprofile.vp9WGVO2BV29"
1545063242568	addons.webextension.screenshots@mozilla.org	WARN	Loading extension 'screenshots@mozilla.org': Reading manifest: Invalid host permission: resource://pdf.js/
1545063242568	addons.webextension.screenshots@mozilla.org	WARN	Loading extension 'screenshots@mozilla.org': Reading manifest: Invalid host permission: about:reader*
1545063242716	Marionette	TRACE	Received observer notification profile-after-change
1545063242813	Marionette	TRACE	Received observer notification toplevel-window-ready
1545063242857	Marionette	TRACE	Received observer notification command-line-startup
1545063242857	Marionette	TRACE	Received observer notification nsPref:changed
1545063242857	Marionette	DEBUG	Init aborted (running=false, enabled=true, finalUIStartup=false)
1545063243174	Marionette	TRACE	Received observer notification toplevel-window-ready
1545063244027	Marionette	TRACE	Received observer notification sessionstore-windows-restored
1545063244027	Marionette	TRACE	Waiting until startup recorder finished recording startup scripts...
1545063244204	Marionette	TRACE	All scripts recorded.
1545063244205	Marionette	DEBUG	Setting recommended pref browser.contentblocking.introCount to 99
1545063244206	Marionette	DEBUG	Setting recommended pref datareporting.policy.dataSubmissionPolicyAccepted to false
1545063244206	Marionette	DEBUG	Setting recommended pref dom.disable_beforeunload to true
1545063244207	Marionette	DEBUG	Setting recommended pref toolkit.cosmeticAnimations.enabled to false
1545063244272	Marionette	INFO	Listening on port 64515
1545063244273	Marionette	DEBUG	Remote service is active
1545063245017	Marionette	DEBUG	Accepted connection 0 from 127.0.0.1:64535
1545063245019	Marionette	DEBUG	0 -> [0,1,"newSession",{"acceptInsecureCerts":true,"browserName":"firefox","capabilities":{"desiredCapabilities":{"acceptInsecureCerts":true,"browserName":"firefox"}}}]
1545063245019	Marionette	DEBUG	0 <- [1,1,{"error":"unknown command","message":"newSession","stacktrace":"WebDriverError@chrome://marionette/content/error.js:179: ... et@chrome://marionette/content/server.js:236:8\n_onJSONObjectReady/<@chrome://marionette/content/transport.js:490:9\n"},null]

###!!! [Parent][MessageChannel] Error: (msgtype=0x33000B,name=PCompositorWidget::Msg_UnobserveVsync) Channel error: cannot send/recv


###!!! [Parent][MessageChannel] Error: (msgtype=0x33000B,name=PCompositorWidget::Msg_UnobserveVsync) Channel error: cannot send/recv

